#***************************************************************************

#sjplacer

#Version:            1.1

#Build Date:         Dec  5 2017 15:35:27

#File Generated:     Jun 26 2019 15:17:18

#Purpose:            

#Copyright (C) 2010-2011 by Softjin Technologies Pvt Ltd. All rights reserved.

#***************************************************************************

Executing : C:\Program Files (x86)\Cypress\PSoC Creator\4.2\PSoC Creator\bin/sjplacer.exe --proj-name Seq --netlist-vh2 Seq_p.vh2 --arch p35_udb4x6 --arch-file C:\Program Files (x86)\Cypress\PSoC Creator\4.2\PSoC Creator\dev\arch/udbdsi_4x6_24.cydata --ip-file C:\Program Files (x86)\Cypress\PSoC Creator\4.2\PSoC Creator\dev\psoc5/psoc5lp/ip_blocks.cydata --rrg-file C:\Program Files (x86)\Cypress\PSoC Creator\4.2\PSoC Creator\dev\psoc5/psoc5lp/route_arch-rrg.cydata --irq-file C:\Program Files (x86)\Cypress\PSoC Creator\4.2\PSoC Creator\dev\psoc5/psoc5lp/irqconn.cydata --drq-file C:\Program Files (x86)\Cypress\PSoC Creator\4.2\PSoC Creator\dev\psoc5/psoc5lp/dmaconn.cydata --dsi-conn-file C:\Program Files (x86)\Cypress\PSoC Creator\4.2\PSoC Creator\dev\psoc5/psoc5lp/dsiconn.cydata --pins-file pins_68-QFN.xml --lib-file Seq_p.lib --sdc-file Seq.sdc --io-pcf Seq.pci --outdir .

		Softjin Techologies Placer, Version 1.1

Build Date : Dec  5 2017	15:33:41

D2004: Option and Settings Summary
=============================================================
Netlist vh2 file          - Seq_p.vh2
Architecture file         - C:\Program Files (x86)\Cypress\PSoC Creator\4.2\PSoC Creator\dev\arch/udbdsi_4x6_24.cydata
Package                   - 
Defparam file             - 
SDC file                  - Seq.sdc
Output directory          - .
Timing library            - Seq_p.lib
IO Placement file         - Seq.pci

D2050: Starting reading inputs for placer
=============================================================
D2065: Reading netlist file : "Seq_p.vh2"
D2065: Reading arch file : "C:\Program Files (x86)\Cypress\PSoC Creator\4.2\PSoC Creator\dev\arch/udbdsi_4x6_24.cydata"
D2051: Reading of inputs for placer completed successfully

D2053: Starting placement of the design
=============================================================

Phase 2
Phase 3

Design Statistics after Packing
    Number of Combinational MCs 	:	10
    Number of Sequential MCs    	:	20
    Number of DPs               	:	6
    Number of Controls          	:	3
    Number of Status            	:	3
    Number of SyncCells         	:	1
    Number of count7cells       	:	1

Device Utilization Summary after Packing
    Macrocells                  :	30/192
    UDBS                        :	7/24
    IOs                         :	6/72


D2088: Phase 3, elapsed time : 0.0 (sec)

Phase 4
D2088: Phase 4, elapsed time : 0.0 (sec)

Phase 5
D2088: Phase 5, elapsed time : 0.0 (sec)

Phase 6

######################################################################
Placement Timing Summary

The timing summary is based on estimated routing delays after
placement. For final timing report, please carry out the timing
analysis after routing.
======================================================================

######################################################################
                     Clock Summary 
======================================================================
Number of clocks: 17
Clock: ADC_LongitudNota_theACLK | Frequency: N/A       | Target:   1.6 MHz
Clock: ADC_LongitudNota_theACLK(fixed-function) | Frequency: N/A       | Target:   1.6 MHz
Clock: Clock_1              | Frequency: N/A       | Target:   0.0 MHz
Clock: Clock_1(routed)      | Frequency: N/A       | Target:   0.0 MHz
Clock: Clock_2              | Frequency: N/A       | Target:   0.0 MHz
Clock: Clock_2(routed)      | Frequency: N/A       | Target:   0.0 MHz
Clock: Clock_3              | Frequency: N/A       | Target:   0.0 MHz
Clock: Clock_3(routed)      | Frequency: N/A       | Target:   0.0 MHz
Clock: Clock_4              | Frequency: N/A       | Target:   0.0 MHz
Clock: Clock_4(routed)      | Frequency: N/A       | Target:   0.0 MHz
Clock: CyBUS_CLK            | Frequency:  53.1 MHz | Target:  24.0 MHz
Clock: CyILO                | Frequency: N/A       | Target:   0.0 MHz
Clock: CyIMO                | Frequency: N/A       | Target:   3.0 MHz
Clock: CyMASTER_CLK         | Frequency: N/A       | Target:  24.0 MHz
Clock: CyPLL_OUT            | Frequency: N/A       | Target:  24.0 MHz
Clock: UART_1_IntClock      | Frequency:  53.1 MHz | Target:   0.9 MHz
Clock: timer_clock          | Frequency:  85.3 MHz | Target:   0.0 MHz

======================================================================
                     End of Clock Summary
######################################################################

D2088: Phase 6, elapsed time : 0.0 (sec)

Phase 7
######################################################################
                     Clock Summary 
======================================================================
Number of clocks: 17
Clock: ADC_LongitudNota_theACLK | Frequency: N/A       | Target:   1.6 MHz
Clock: ADC_LongitudNota_theACLK(fixed-function) | Frequency: N/A       | Target:   1.6 MHz
Clock: Clock_1              | Frequency: N/A       | Target:   0.0 MHz
Clock: Clock_1(routed)      | Frequency: N/A       | Target:   0.0 MHz
Clock: Clock_2              | Frequency: N/A       | Target:   0.0 MHz
Clock: Clock_2(routed)      | Frequency: N/A       | Target:   0.0 MHz
Clock: Clock_3              | Frequency: N/A       | Target:   0.0 MHz
Clock: Clock_3(routed)      | Frequency: N/A       | Target:   0.0 MHz
Clock: Clock_4              | Frequency: N/A       | Target:   0.0 MHz
Clock: Clock_4(routed)      | Frequency: N/A       | Target:   0.0 MHz
Clock: CyBUS_CLK            | Frequency:   1.2 MHz | Target:  24.0 MHz
Clock: CyILO                | Frequency: N/A       | Target:   0.0 MHz
Clock: CyIMO                | Frequency: N/A       | Target:   3.0 MHz
Clock: CyMASTER_CLK         | Frequency: N/A       | Target:  24.0 MHz
Clock: CyPLL_OUT            | Frequency: N/A       | Target:  24.0 MHz
Clock: UART_1_IntClock      | Frequency:   1.2 MHz | Target:   0.9 MHz
Clock: timer_clock          | Frequency:  85.3 MHz | Target:   0.0 MHz

======================================================================
                     End of Clock Summary
######################################################################
D2088: Phase 7, elapsed time : 0.2 (sec)

Final Design Statistics
    Number of Combinational MCs 	:	10
    Number of Sequential MCs    	:	20
    Number of DPs               	:	6
    Number of Controls          	:	3
    Number of Status            	:	3
    Number of SyncCells         	:	1
    Number of count7cells       	:	1
    Number of IOs       	:	6

Device Utilization Summary
    Macrocells                  :	30/192
    IOs                         :	6/72



######################################################################
Placement Timing Summary

The timing summary is based on estimated routing delays after
placement. For final timing report, please carry out the timing
analysis after routing.
======================================================================


######################################################################
                     Clock Summary 
======================================================================
Number of clocks: 17
Clock: ADC_LongitudNota_theACLK | Frequency: N/A       | Target:   1.6 MHz
Clock: ADC_LongitudNota_theACLK(fixed-function) | Frequency: N/A       | Target:   1.6 MHz
Clock: Clock_1              | Frequency: N/A       | Target:   0.0 MHz
Clock: Clock_1(routed)      | Frequency: N/A       | Target:   0.0 MHz
Clock: Clock_2              | Frequency: N/A       | Target:   0.0 MHz
Clock: Clock_2(routed)      | Frequency: N/A       | Target:   0.0 MHz
Clock: Clock_3              | Frequency: N/A       | Target:   0.0 MHz
Clock: Clock_3(routed)      | Frequency: N/A       | Target:   0.0 MHz
Clock: Clock_4              | Frequency: N/A       | Target:   0.0 MHz
Clock: Clock_4(routed)      | Frequency: N/A       | Target:   0.0 MHz
Clock: CyBUS_CLK            | Frequency:   1.5 MHz | Target:  24.0 MHz
Clock: CyILO                | Frequency: N/A       | Target:   0.0 MHz
Clock: CyIMO                | Frequency: N/A       | Target:   3.0 MHz
Clock: CyMASTER_CLK         | Frequency: N/A       | Target:  24.0 MHz
Clock: CyPLL_OUT            | Frequency: N/A       | Target:  24.0 MHz
Clock: UART_1_IntClock      | Frequency:   1.5 MHz | Target:   0.9 MHz
Clock: timer_clock          | Frequency:  77.2 MHz | Target:   0.0 MHz

======================================================================
                     End of Clock Summary
######################################################################

Phase 8
D2088: Phase 8, elapsed time : 0.0 (sec)

D2054: Placement of the design completed successfully

I2076: Total run-time: 1.2 sec.

