ARM GAS  C:\Users\Fede\AppData\Local\Temp\cciIQ6MR.s 			page 1


   1              		.syntax unified
   2              		.cpu cortex-m3
   3              		.fpu softvfp
   4              		.eabi_attribute 20, 1
   5              		.eabi_attribute 21, 1
   6              		.eabi_attribute 23, 3
   7              		.eabi_attribute 24, 1
   8              		.eabi_attribute 25, 1
   9              		.eabi_attribute 26, 1
  10              		.eabi_attribute 30, 1
  11              		.eabi_attribute 34, 1
  12              		.eabi_attribute 18, 4
  13              		.thumb
  14              		.syntax unified
  15              		.file	"cymetadata.c"
  16              		.text
  17              	.Ltext0:
  18              		.cfi_sections	.debug_frame
  19              		.global	cy_metadata
  20              		.global	cy_meta_flashprotect
  21              		.global	cy_meta_wonvl
  22              		.global	cy_meta_custnvl
  23              		.global	cy_meta_configecc
  24              		.section	.cyconfigecc,"a",%progbits
  25              		.align	2
  26              		.type	cy_meta_configecc, %object
  27              		.size	cy_meta_configecc, 1636
  28              	cy_meta_configecc:
  29 0000 03       		.byte	3
  30 0001 52       		.byte	82
  31 0002 00       		.byte	0
  32 0003 40       		.byte	64
  33 0004 01       		.byte	1
  34 0005 5A       		.byte	90
  35 0006 00       		.byte	0
  36 0007 40       		.byte	64
  37 0008 02       		.byte	2
  38 0009 64       		.byte	100
  39 000a 00       		.byte	0
  40 000b 40       		.byte	64
  41 000c 02       		.byte	2
  42 000d 65       		.byte	101
  43 000e 00       		.byte	0
  44 000f 40       		.byte	64
  45 0010 01       		.byte	1
  46 0011 03       		.byte	3
  47 0012 01       		.byte	1
  48 0013 40       		.byte	64
  49 0014 01       		.byte	1
  50 0015 05       		.byte	5
  51 0016 01       		.byte	1
  52 0017 40       		.byte	64
  53 0018 01       		.byte	1
  54 0019 07       		.byte	7
  55 001a 01       		.byte	1
  56 001b 40       		.byte	64
  57 001c 4C       		.byte	76
ARM GAS  C:\Users\Fede\AppData\Local\Temp\cciIQ6MR.s 			page 2


  58 001d 08       		.byte	8
  59 001e 01       		.byte	1
  60 001f 40       		.byte	64
  61 0020 4D       		.byte	77
  62 0021 09       		.byte	9
  63 0022 01       		.byte	1
  64 0023 40       		.byte	64
  65 0024 60       		.byte	96
  66 0025 0A       		.byte	10
  67 0026 01       		.byte	1
  68 0027 40       		.byte	64
  69 0028 36       		.byte	54
  70 0029 0B       		.byte	11
  71 002a 01       		.byte	1
  72 002b 40       		.byte	64
  73 002c 01       		.byte	1
  74 002d 0D       		.byte	13
  75 002e 01       		.byte	1
  76 002f 40       		.byte	64
  77 0030 05       		.byte	5
  78 0031 15       		.byte	21
  79 0032 01       		.byte	1
  80 0033 40       		.byte	64
  81 0034 01       		.byte	1
  82 0035 17       		.byte	23
  83 0036 01       		.byte	1
  84 0037 40       		.byte	64
  85 0038 65       		.byte	101
  86 0039 18       		.byte	24
  87 003a 01       		.byte	1
  88 003b 40       		.byte	64
  89 003c 53       		.byte	83
  90 003d 19       		.byte	25
  91 003e 01       		.byte	1
  92 003f 40       		.byte	64
  93 0040 53       		.byte	83
  94 0041 1A       		.byte	26
  95 0042 01       		.byte	1
  96 0043 40       		.byte	64
  97 0044 4B       		.byte	75
  98 0045 1B       		.byte	27
  99 0046 01       		.byte	1
 100 0047 40       		.byte	64
 101 0048 06       		.byte	6
 102 0049 40       		.byte	64
 103 004a 01       		.byte	1
 104 004b 40       		.byte	64
 105 004c 07       		.byte	7
 106 004d 41       		.byte	65
 107 004e 01       		.byte	1
 108 004f 40       		.byte	64
 109 0050 04       		.byte	4
 110 0051 42       		.byte	66
 111 0052 01       		.byte	1
 112 0053 40       		.byte	64
 113 0054 04       		.byte	4
 114 0055 43       		.byte	67
ARM GAS  C:\Users\Fede\AppData\Local\Temp\cciIQ6MR.s 			page 3


 115 0056 01       		.byte	1
 116 0057 40       		.byte	64
 117 0058 01       		.byte	1
 118 0059 45       		.byte	69
 119 005a 01       		.byte	1
 120 005b 40       		.byte	64
 121 005c 03       		.byte	3
 122 005d 46       		.byte	70
 123 005e 01       		.byte	1
 124 005f 40       		.byte	64
 125 0060 03       		.byte	3
 126 0061 47       		.byte	71
 127 0062 01       		.byte	1
 128 0063 40       		.byte	64
 129 0064 0A       		.byte	10
 130 0065 48       		.byte	72
 131 0066 01       		.byte	1
 132 0067 40       		.byte	64
 133 0068 0F       		.byte	15
 134 0069 49       		.byte	73
 135 006a 01       		.byte	1
 136 006b 40       		.byte	64
 137 006c 07       		.byte	7
 138 006d 4C       		.byte	76
 139 006e 01       		.byte	1
 140 006f 40       		.byte	64
 141 0070 07       		.byte	7
 142 0071 4D       		.byte	77
 143 0072 01       		.byte	1
 144 0073 40       		.byte	64
 145 0074 06       		.byte	6
 146 0075 50       		.byte	80
 147 0076 01       		.byte	1
 148 0077 40       		.byte	64
 149 0078 02       		.byte	2
 150 0079 51       		.byte	81
 151 007a 01       		.byte	1
 152 007b 40       		.byte	64
 153 007c 01       		.byte	1
 154 007d 04       		.byte	4
 155 007e 61       		.byte	97
 156 007f 80       		.byte	-128
 157 0080 64       		.byte	100
 158 0081 40       		.byte	64
 159 0082 97       		.byte	-105
 160 0083 01       		.byte	1
 161 0084 88       		.byte	-120
 162 0085 72       		.byte	114
 163 0086 89       		.byte	-119
 164 0087 0F       		.byte	15
 165 0088 8A       		.byte	-118
 166 0089 0D       		.byte	13
 167 008a 8B       		.byte	-117
 168 008b 38       		.byte	56
 169 008c E6       		.byte	-26
 170 008d 02       		.byte	2
 171 008e E2       		.byte	-30
ARM GAS  C:\Users\Fede\AppData\Local\Temp\cciIQ6MR.s 			page 4


 172 008f 80       		.byte	-128
 173 0090 E8       		.byte	-24
 174 0091 40       		.byte	64
 175 0092 05       		.byte	5
 176 0093 70       		.byte	112
 177 0094 06       		.byte	6
 178 0095 05       		.byte	5
 179 0096 09       		.byte	9
 180 0097 01       		.byte	1
 181 0098 0B       		.byte	11
 182 0099 0E       		.byte	14
 183 009a 0D       		.byte	13
 184 009b 10       		.byte	16
 185 009c 0E       		.byte	14
 186 009d 08       		.byte	8
 187 009e 0F       		.byte	15
 188 009f 60       		.byte	96
 189 00a0 11       		.byte	17
 190 00a1 0C       		.byte	12
 191 00a2 13       		.byte	19
 192 00a3 03       		.byte	3
 193 00a4 15       		.byte	21
 194 00a5 20       		.byte	32
 195 00a6 16       		.byte	22
 196 00a7 08       		.byte	8
 197 00a8 17       		.byte	23
 198 00a9 10       		.byte	16
 199 00aa 19       		.byte	25
 200 00ab 01       		.byte	1
 201 00ac 1A       		.byte	26
 202 00ad 01       		.byte	1
 203 00ae 1B       		.byte	27
 204 00af 06       		.byte	6
 205 00b0 1E       		.byte	30
 206 00b1 02       		.byte	2
 207 00b2 1F       		.byte	31
 208 00b3 08       		.byte	8
 209 00b4 20       		.byte	32
 210 00b5 06       		.byte	6
 211 00b6 21       		.byte	33
 212 00b7 40       		.byte	64
 213 00b8 22       		.byte	34
 214 00b9 01       		.byte	1
 215 00ba 23       		.byte	35
 216 00bb 10       		.byte	16
 217 00bc 26       		.byte	38
 218 00bd 06       		.byte	6
 219 00be 27       		.byte	39
 220 00bf 03       		.byte	3
 221 00c0 29       		.byte	41
 222 00c1 70       		.byte	112
 223 00c2 2A       		.byte	42
 224 00c3 03       		.byte	3
 225 00c4 2F       		.byte	47
 226 00c5 0C       		.byte	12
 227 00c6 30       		.byte	48
 228 00c7 08       		.byte	8
ARM GAS  C:\Users\Fede\AppData\Local\Temp\cciIQ6MR.s 			page 5


 229 00c8 33       		.byte	51
 230 00c9 70       		.byte	112
 231 00ca 34       		.byte	52
 232 00cb 07       		.byte	7
 233 00cc 37       		.byte	55
 234 00cd 0F       		.byte	15
 235 00ce 3A       		.byte	58
 236 00cf 20       		.byte	32
 237 00d0 3B       		.byte	59
 238 00d1 80       		.byte	-128
 239 00d2 3E       		.byte	62
 240 00d3 01       		.byte	1
 241 00d4 56       		.byte	86
 242 00d5 02       		.byte	2
 243 00d6 57       		.byte	87
 244 00d7 13       		.byte	19
 245 00d8 58       		.byte	88
 246 00d9 04       		.byte	4
 247 00da 59       		.byte	89
 248 00db 04       		.byte	4
 249 00dc 5B       		.byte	91
 250 00dd 04       		.byte	4
 251 00de 5C       		.byte	92
 252 00df 44       		.byte	68
 253 00e0 5D       		.byte	93
 254 00e1 40       		.byte	64
 255 00e2 5F       		.byte	95
 256 00e3 01       		.byte	1
 257 00e4 80       		.byte	-128
 258 00e5 08       		.byte	8
 259 00e6 84       		.byte	-124
 260 00e7 06       		.byte	6
 261 00e8 92       		.byte	-110
 262 00e9 01       		.byte	1
 263 00ea 94       		.byte	-108
 264 00eb 06       		.byte	6
 265 00ec A6       		.byte	-90
 266 00ed 02       		.byte	2
 267 00ee AC       		.byte	-84
 268 00ef 04       		.byte	4
 269 00f0 B2       		.byte	-78
 270 00f1 08       		.byte	8
 271 00f2 B4       		.byte	-76
 272 00f3 06       		.byte	6
 273 00f4 B6       		.byte	-74
 274 00f5 01       		.byte	1
 275 00f6 B8       		.byte	-72
 276 00f7 20       		.byte	32
 277 00f8 BA       		.byte	-70
 278 00f9 80       		.byte	-128
 279 00fa BB       		.byte	-69
 280 00fb 03       		.byte	3
 281 00fc BE       		.byte	-66
 282 00fd 14       		.byte	20
 283 00fe C0       		.byte	-64
 284 00ff 06       		.byte	6
 285 0100 C6       		.byte	-58
ARM GAS  C:\Users\Fede\AppData\Local\Temp\cciIQ6MR.s 			page 6


 286 0101 04       		.byte	4
 287 0102 C9       		.byte	-55
 288 0103 FF       		.byte	-1
 289 0104 CA       		.byte	-54
 290 0105 07       		.byte	7
 291 0106 CB       		.byte	-53
 292 0107 FF       		.byte	-1
 293 0108 CC       		.byte	-52
 294 0109 40       		.byte	64
 295 010a CD       		.byte	-51
 296 010b 20       		.byte	32
 297 010c CE       		.byte	-50
 298 010d F0       		.byte	-16
 299 010e CF       		.byte	-49
 300 010f 05       		.byte	5
 301 0110 D0       		.byte	-48
 302 0111 08       		.byte	8
 303 0112 D4       		.byte	-44
 304 0113 01       		.byte	1
 305 0114 D8       		.byte	-40
 306 0115 08       		.byte	8
 307 0116 D9       		.byte	-39
 308 0117 08       		.byte	8
 309 0118 DA       		.byte	-38
 310 0119 04       		.byte	4
 311 011a DB       		.byte	-37
 312 011b 04       		.byte	4
 313 011c DC       		.byte	-36
 314 011d 99       		.byte	-103
 315 011e DD       		.byte	-35
 316 011f 44       		.byte	68
 317 0120 DF       		.byte	-33
 318 0121 01       		.byte	1
 319 0122 E0       		.byte	-32
 320 0123 40       		.byte	64
 321 0124 E1       		.byte	-31
 322 0125 A8       		.byte	-88
 323 0126 E2       		.byte	-30
 324 0127 40       		.byte	64
 325 0128 E3       		.byte	-29
 326 0129 20       		.byte	32
 327 012a 00       		.byte	0
 328 012b 0C       		.byte	12
 329 012c 01       		.byte	1
 330 012d 02       		.byte	2
 331 012e 03       		.byte	3
 332 012f 10       		.byte	16
 333 0130 04       		.byte	4
 334 0131 44       		.byte	68
 335 0132 09       		.byte	9
 336 0133 02       		.byte	2
 337 0134 0B       		.byte	11
 338 0135 20       		.byte	32
 339 0136 0C       		.byte	12
 340 0137 C0       		.byte	-64
 341 0138 0F       		.byte	15
 342 0139 24       		.byte	36
ARM GAS  C:\Users\Fede\AppData\Local\Temp\cciIQ6MR.s 			page 7


 343 013a 10       		.byte	16
 344 013b 20       		.byte	32
 345 013c 11       		.byte	17
 346 013d 80       		.byte	-128
 347 013e 15       		.byte	21
 348 013f 18       		.byte	24
 349 0140 17       		.byte	23
 350 0141 01       		.byte	1
 351 0142 19       		.byte	25
 352 0143 14       		.byte	20
 353 0144 1B       		.byte	27
 354 0145 80       		.byte	-128
 355 0146 1F       		.byte	31
 356 0147 11       		.byte	17
 357 0148 21       		.byte	33
 358 0149 02       		.byte	2
 359 014a 23       		.byte	35
 360 014b 40       		.byte	64
 361 014c 25       		.byte	37
 362 014d 48       		.byte	72
 363 014e 27       		.byte	39
 364 014f 01       		.byte	1
 365 0150 28       		.byte	40
 366 0151 01       		.byte	1
 367 0152 2A       		.byte	42
 368 0153 80       		.byte	-128
 369 0154 2C       		.byte	44
 370 0155 20       		.byte	32
 371 0156 2D       		.byte	45
 372 0157 80       		.byte	-128
 373 0158 2E       		.byte	46
 374 0159 01       		.byte	1
 375 015a 2F       		.byte	47
 376 015b 08       		.byte	8
 377 015c 34       		.byte	52
 378 015d 40       		.byte	64
 379 015e 35       		.byte	53
 380 015f 08       		.byte	8
 381 0160 37       		.byte	55
 382 0161 11       		.byte	17
 383 0162 39       		.byte	57
 384 0163 10       		.byte	16
 385 0164 3A       		.byte	58
 386 0165 10       		.byte	16
 387 0166 3B       		.byte	59
 388 0167 30       		.byte	48
 389 0168 3E       		.byte	62
 390 0169 84       		.byte	-124
 391 016a 3F       		.byte	63
 392 016b 10       		.byte	16
 393 016c 48       		.byte	72
 394 016d 20       		.byte	32
 395 016e 49       		.byte	73
 396 016f 10       		.byte	16
 397 0170 4B       		.byte	75
 398 0171 04       		.byte	4
 399 0172 50       		.byte	80
ARM GAS  C:\Users\Fede\AppData\Local\Temp\cciIQ6MR.s 			page 8


 400 0173 80       		.byte	-128
 401 0174 53       		.byte	83
 402 0175 40       		.byte	64
 403 0176 58       		.byte	88
 404 0177 10       		.byte	16
 405 0178 59       		.byte	89
 406 0179 05       		.byte	5
 407 017a 5A       		.byte	90
 408 017b 80       		.byte	-128
 409 017c 5E       		.byte	94
 410 017d 02       		.byte	2
 411 017e 6C       		.byte	108
 412 017f 10       		.byte	16
 413 0180 6E       		.byte	110
 414 0181 04       		.byte	4
 415 0182 6F       		.byte	111
 416 0183 0A       		.byte	10
 417 0184 75       		.byte	117
 418 0185 20       		.byte	32
 419 0186 76       		.byte	118
 420 0187 01       		.byte	1
 421 0188 77       		.byte	119
 422 0189 20       		.byte	32
 423 018a 78       		.byte	120
 424 018b 80       		.byte	-128
 425 018c 7B       		.byte	123
 426 018d 01       		.byte	1
 427 018e 82       		.byte	-126
 428 018f 20       		.byte	32
 429 0190 89       		.byte	-119
 430 0191 84       		.byte	-124
 431 0192 91       		.byte	-111
 432 0193 08       		.byte	8
 433 0194 92       		.byte	-110
 434 0195 09       		.byte	9
 435 0196 94       		.byte	-108
 436 0197 20       		.byte	32
 437 0198 96       		.byte	-106
 438 0199 40       		.byte	64
 439 019a 97       		.byte	-105
 440 019b 04       		.byte	4
 441 019c 9C       		.byte	-100
 442 019d 02       		.byte	2
 443 019e 9D       		.byte	-99
 444 019f 88       		.byte	-120
 445 01a0 9E       		.byte	-98
 446 01a1 10       		.byte	16
 447 01a2 9F       		.byte	-97
 448 01a3 05       		.byte	5
 449 01a4 A0       		.byte	-96
 450 01a5 04       		.byte	4
 451 01a6 A2       		.byte	-94
 452 01a7 0B       		.byte	11
 453 01a8 A3       		.byte	-93
 454 01a9 01       		.byte	1
 455 01aa A7       		.byte	-89
 456 01ab 2A       		.byte	42
ARM GAS  C:\Users\Fede\AppData\Local\Temp\cciIQ6MR.s 			page 9


 457 01ac B5       		.byte	-75
 458 01ad 40       		.byte	64
 459 01ae C0       		.byte	-64
 460 01af AC       		.byte	-84
 461 01b0 C2       		.byte	-62
 462 01b1 EC       		.byte	-20
 463 01b2 C4       		.byte	-60
 464 01b3 75       		.byte	117
 465 01b4 CA       		.byte	-54
 466 01b5 F0       		.byte	-16
 467 01b6 CC       		.byte	-52
 468 01b7 F0       		.byte	-16
 469 01b8 CE       		.byte	-50
 470 01b9 70       		.byte	112
 471 01ba D2       		.byte	-46
 472 01bb 04       		.byte	4
 473 01bc D6       		.byte	-42
 474 01bd 8F       		.byte	-113
 475 01be DE       		.byte	-34
 476 01bf 08       		.byte	8
 477 01c0 E4       		.byte	-28
 478 01c1 01       		.byte	1
 479 01c2 E8       		.byte	-24
 480 01c3 40       		.byte	64
 481 01c4 05       		.byte	5
 482 01c5 02       		.byte	2
 483 01c6 06       		.byte	6
 484 01c7 02       		.byte	2
 485 01c8 09       		.byte	9
 486 01c9 01       		.byte	1
 487 01ca 0C       		.byte	12
 488 01cb 02       		.byte	2
 489 01cc 12       		.byte	18
 490 01cd 01       		.byte	1
 491 01ce 13       		.byte	19
 492 01cf 01       		.byte	1
 493 01d0 19       		.byte	25
 494 01d1 01       		.byte	1
 495 01d2 24       		.byte	36
 496 01d3 02       		.byte	2
 497 01d4 30       		.byte	48
 498 01d5 02       		.byte	2
 499 01d6 33       		.byte	51
 500 01d7 03       		.byte	3
 501 01d8 34       		.byte	52
 502 01d9 01       		.byte	1
 503 01da 39       		.byte	57
 504 01db 08       		.byte	8
 505 01dc 3B       		.byte	59
 506 01dd 02       		.byte	2
 507 01de 40       		.byte	64
 508 01df 20       		.byte	32
 509 01e0 41       		.byte	65
 510 01e1 04       		.byte	4
 511 01e2 49       		.byte	73
 512 01e3 FF       		.byte	-1
 513 01e4 4A       		.byte	74
ARM GAS  C:\Users\Fede\AppData\Local\Temp\cciIQ6MR.s 			page 10


 514 01e5 FF       		.byte	-1
 515 01e6 4B       		.byte	75
 516 01e7 FF       		.byte	-1
 517 01e8 4D       		.byte	77
 518 01e9 A0       		.byte	-96
 519 01ea 4F       		.byte	79
 520 01eb 04       		.byte	4
 521 01ec 50       		.byte	80
 522 01ed 18       		.byte	24
 523 01ee 52       		.byte	82
 524 01ef 80       		.byte	-128
 525 01f0 58       		.byte	88
 526 01f1 0B       		.byte	11
 527 01f2 59       		.byte	89
 528 01f3 04       		.byte	4
 529 01f4 5A       		.byte	90
 530 01f5 0B       		.byte	11
 531 01f6 5B       		.byte	91
 532 01f7 0B       		.byte	11
 533 01f8 5C       		.byte	92
 534 01f9 49       		.byte	73
 535 01fa 5D       		.byte	93
 536 01fb 99       		.byte	-103
 537 01fc 5F       		.byte	95
 538 01fd 01       		.byte	1
 539 01fe 60       		.byte	96
 540 01ff 40       		.byte	64
 541 0200 62       		.byte	98
 542 0201 C0       		.byte	-64
 543 0202 64       		.byte	100
 544 0203 40       		.byte	64
 545 0204 65       		.byte	101
 546 0205 40       		.byte	64
 547 0206 66       		.byte	102
 548 0207 C0       		.byte	-64
 549 0208 68       		.byte	104
 550 0209 C0       		.byte	-64
 551 020a 6A       		.byte	106
 552 020b C0       		.byte	-64
 553 020c 6C       		.byte	108
 554 020d C0       		.byte	-64
 555 020e 6E       		.byte	110
 556 020f C0       		.byte	-64
 557 0210 84       		.byte	-124
 558 0211 01       		.byte	1
 559 0212 86       		.byte	-122
 560 0213 02       		.byte	2
 561 0214 88       		.byte	-120
 562 0215 03       		.byte	3
 563 0216 8D       		.byte	-115
 564 0217 02       		.byte	2
 565 0218 8E       		.byte	-114
 566 0219 20       		.byte	32
 567 021a 91       		.byte	-111
 568 021b 02       		.byte	2
 569 021c 94       		.byte	-108
 570 021d 03       		.byte	3
ARM GAS  C:\Users\Fede\AppData\Local\Temp\cciIQ6MR.s 			page 11


 571 021e 95       		.byte	-107
 572 021f 02       		.byte	2
 573 0220 98       		.byte	-104
 574 0221 0C       		.byte	12
 575 0222 99       		.byte	-103
 576 0223 01       		.byte	1
 577 0224 9A       		.byte	-102
 578 0225 30       		.byte	48
 579 0226 9C       		.byte	-100
 580 0227 02       		.byte	2
 581 0228 9E       		.byte	-98
 582 0229 01       		.byte	1
 583 022a A0       		.byte	-96
 584 022b 28       		.byte	40
 585 022c A2       		.byte	-94
 586 022d 10       		.byte	16
 587 022e A4       		.byte	-92
 588 022f 0C       		.byte	12
 589 0230 A5       		.byte	-91
 590 0231 02       		.byte	2
 591 0232 A6       		.byte	-90
 592 0233 10       		.byte	16
 593 0234 A9       		.byte	-87
 594 0235 01       		.byte	1
 595 0236 AA       		.byte	-86
 596 0237 14       		.byte	20
 597 0238 AC       		.byte	-84
 598 0239 0C       		.byte	12
 599 023a AD       		.byte	-83
 600 023b 01       		.byte	1
 601 023c AE       		.byte	-82
 602 023d 10       		.byte	16
 603 023e B1       		.byte	-79
 604 023f 02       		.byte	2
 605 0240 B3       		.byte	-77
 606 0241 01       		.byte	1
 607 0242 B4       		.byte	-76
 608 0243 3C       		.byte	60
 609 0244 B6       		.byte	-74
 610 0245 03       		.byte	3
 611 0246 BA       		.byte	-70
 612 0247 20       		.byte	32
 613 0248 BF       		.byte	-65
 614 0249 01       		.byte	1
 615 024a C0       		.byte	-64
 616 024b 60       		.byte	96
 617 024c C1       		.byte	-63
 618 024d 05       		.byte	5
 619 024e C5       		.byte	-59
 620 024f 01       		.byte	1
 621 0250 C6       		.byte	-58
 622 0251 02       		.byte	2
 623 0252 C8       		.byte	-56
 624 0253 25       		.byte	37
 625 0254 C9       		.byte	-55
 626 0255 FF       		.byte	-1
 627 0256 CA       		.byte	-54
ARM GAS  C:\Users\Fede\AppData\Local\Temp\cciIQ6MR.s 			page 12


 628 0257 FF       		.byte	-1
 629 0258 CB       		.byte	-53
 630 0259 FF       		.byte	-1
 631 025a CD       		.byte	-51
 632 025b AF       		.byte	-81
 633 025c CE       		.byte	-50
 634 025d 0F       		.byte	15
 635 025e CF       		.byte	-49
 636 025f 04       		.byte	4
 637 0260 D0       		.byte	-48
 638 0261 18       		.byte	24
 639 0262 D6       		.byte	-42
 640 0263 08       		.byte	8
 641 0264 D8       		.byte	-40
 642 0265 04       		.byte	4
 643 0266 D9       		.byte	-39
 644 0267 04       		.byte	4
 645 0268 DA       		.byte	-38
 646 0269 08       		.byte	8
 647 026a DB       		.byte	-37
 648 026b 04       		.byte	4
 649 026c DC       		.byte	-36
 650 026d 44       		.byte	68
 651 026e DD       		.byte	-35
 652 026f 99       		.byte	-103
 653 0270 DF       		.byte	-33
 654 0271 01       		.byte	1
 655 0272 E0       		.byte	-32
 656 0273 40       		.byte	64
 657 0274 E2       		.byte	-30
 658 0275 C0       		.byte	-64
 659 0276 E4       		.byte	-28
 660 0277 40       		.byte	64
 661 0278 E5       		.byte	-27
 662 0279 40       		.byte	64
 663 027a E6       		.byte	-26
 664 027b C0       		.byte	-64
 665 027c E8       		.byte	-24
 666 027d C0       		.byte	-64
 667 027e EA       		.byte	-22
 668 027f C0       		.byte	-64
 669 0280 EC       		.byte	-20
 670 0281 C0       		.byte	-64
 671 0282 EE       		.byte	-18
 672 0283 C0       		.byte	-64
 673 0284 00       		.byte	0
 674 0285 04       		.byte	4
 675 0286 02       		.byte	2
 676 0287 01       		.byte	1
 677 0288 04       		.byte	4
 678 0289 20       		.byte	32
 679 028a 05       		.byte	5
 680 028b A8       		.byte	-88
 681 028c 09       		.byte	9
 682 028d 02       		.byte	2
 683 028e 0C       		.byte	12
 684 028f 08       		.byte	8
ARM GAS  C:\Users\Fede\AppData\Local\Temp\cciIQ6MR.s 			page 13


 685 0290 0E       		.byte	14
 686 0291 05       		.byte	5
 687 0292 10       		.byte	16
 688 0293 20       		.byte	32
 689 0294 14       		.byte	20
 690 0295 02       		.byte	2
 691 0296 16       		.byte	22
 692 0297 18       		.byte	24
 693 0298 17       		.byte	23
 694 0299 01       		.byte	1
 695 029a 18       		.byte	24
 696 029b 04       		.byte	4
 697 029c 1B       		.byte	27
 698 029d 11       		.byte	17
 699 029e 1C       		.byte	28
 700 029f 08       		.byte	8
 701 02a0 1D       		.byte	29
 702 02a1 10       		.byte	16
 703 02a2 1E       		.byte	30
 704 02a3 05       		.byte	5
 705 02a4 21       		.byte	33
 706 02a5 04       		.byte	4
 707 02a6 22       		.byte	34
 708 02a7 06       		.byte	6
 709 02a8 26       		.byte	38
 710 02a9 09       		.byte	9
 711 02aa 2C       		.byte	44
 712 02ab 08       		.byte	8
 713 02ac 2F       		.byte	47
 714 02ad 2A       		.byte	42
 715 02ae 31       		.byte	49
 716 02af 10       		.byte	16
 717 02b0 33       		.byte	51
 718 02b1 01       		.byte	1
 719 02b2 35       		.byte	53
 720 02b3 20       		.byte	32
 721 02b4 36       		.byte	54
 722 02b5 02       		.byte	2
 723 02b6 37       		.byte	55
 724 02b7 04       		.byte	4
 725 02b8 3A       		.byte	58
 726 02b9 18       		.byte	24
 727 02ba 3B       		.byte	59
 728 02bb 04       		.byte	4
 729 02bc 3E       		.byte	62
 730 02bd 40       		.byte	64
 731 02be 40       		.byte	64
 732 02bf 04       		.byte	4
 733 02c0 42       		.byte	66
 734 02c1 80       		.byte	-128
 735 02c2 4C       		.byte	76
 736 02c3 20       		.byte	32
 737 02c4 4F       		.byte	79
 738 02c5 A0       		.byte	-96
 739 02c6 56       		.byte	86
 740 02c7 81       		.byte	-127
 741 02c8 57       		.byte	87
ARM GAS  C:\Users\Fede\AppData\Local\Temp\cciIQ6MR.s 			page 14


 742 02c9 40       		.byte	64
 743 02ca 5D       		.byte	93
 744 02cb 40       		.byte	64
 745 02cc 64       		.byte	100
 746 02cd 01       		.byte	1
 747 02ce 67       		.byte	103
 748 02cf 02       		.byte	2
 749 02d0 71       		.byte	113
 750 02d1 02       		.byte	2
 751 02d2 78       		.byte	120
 752 02d3 01       		.byte	1
 753 02d4 7F       		.byte	127
 754 02d5 01       		.byte	1
 755 02d6 8B       		.byte	-117
 756 02d7 01       		.byte	1
 757 02d8 C0       		.byte	-64
 758 02d9 E5       		.byte	-27
 759 02da C2       		.byte	-62
 760 02db E8       		.byte	-24
 761 02dc C4       		.byte	-60
 762 02dd F4       		.byte	-12
 763 02de CA       		.byte	-54
 764 02df 70       		.byte	112
 765 02e0 CC       		.byte	-52
 766 02e1 E5       		.byte	-27
 767 02e2 CE       		.byte	-50
 768 02e3 16       		.byte	22
 769 02e4 D0       		.byte	-48
 770 02e5 05       		.byte	5
 771 02e6 D2       		.byte	-46
 772 02e7 30       		.byte	48
 773 02e8 D6       		.byte	-42
 774 02e9 10       		.byte	16
 775 02ea D8       		.byte	-40
 776 02eb 10       		.byte	16
 777 02ec DE       		.byte	-34
 778 02ed 11       		.byte	17
 779 02ee E2       		.byte	-30
 780 02ef 80       		.byte	-128
 781 02f0 E6       		.byte	-26
 782 02f1 02       		.byte	2
 783 02f2 E2       		.byte	-30
 784 02f3 02       		.byte	2
 785 02f4 E4       		.byte	-28
 786 02f5 08       		.byte	8
 787 02f6 E6       		.byte	-26
 788 02f7 04       		.byte	4
 789 02f8 E8       		.byte	-24
 790 02f9 02       		.byte	2
 791 02fa EC       		.byte	-20
 792 02fb 12       		.byte	18
 793 02fc E6       		.byte	-26
 794 02fd 20       		.byte	32
 795 02fe 00       		.byte	0
 796 02ff 3C       		.byte	60
 797 0300 02       		.byte	2
 798 0301 40       		.byte	64
ARM GAS  C:\Users\Fede\AppData\Local\Temp\cciIQ6MR.s 			page 15


 799 0302 04       		.byte	4
 800 0303 04       		.byte	4
 801 0304 06       		.byte	6
 802 0305 02       		.byte	2
 803 0306 08       		.byte	8
 804 0307 10       		.byte	16
 805 0308 0C       		.byte	12
 806 0309 20       		.byte	32
 807 030a 10       		.byte	16
 808 030b 0C       		.byte	12
 809 030c 12       		.byte	18
 810 030d 01       		.byte	1
 811 030e 14       		.byte	20
 812 030f 30       		.byte	48
 813 0310 18       		.byte	24
 814 0311 4C       		.byte	76
 815 0312 1A       		.byte	26
 816 0313 30       		.byte	48
 817 0314 1C       		.byte	28
 818 0315 08       		.byte	8
 819 0316 1E       		.byte	30
 820 0317 02       		.byte	2
 821 0318 20       		.byte	32
 822 0319 7C       		.byte	124
 823 031a 26       		.byte	38
 824 031b 4C       		.byte	76
 825 031c 28       		.byte	40
 826 031d 70       		.byte	112
 827 031e 2A       		.byte	42
 828 031f 0C       		.byte	12
 829 0320 30       		.byte	48
 830 0321 70       		.byte	112
 831 0322 34       		.byte	52
 832 0323 3C       		.byte	60
 833 0324 36       		.byte	54
 834 0325 03       		.byte	3
 835 0326 3A       		.byte	58
 836 0327 20       		.byte	32
 837 0328 3E       		.byte	62
 838 0329 40       		.byte	64
 839 032a 40       		.byte	64
 840 032b 26       		.byte	38
 841 032c 41       		.byte	65
 842 032d 05       		.byte	5
 843 032e 42       		.byte	66
 844 032f 04       		.byte	4
 845 0330 44       		.byte	68
 846 0331 01       		.byte	1
 847 0332 46       		.byte	70
 848 0333 CE       		.byte	-50
 849 0334 48       		.byte	72
 850 0335 0C       		.byte	12
 851 0336 49       		.byte	73
 852 0337 FF       		.byte	-1
 853 0338 4A       		.byte	74
 854 0339 FF       		.byte	-1
 855 033a 4B       		.byte	75
ARM GAS  C:\Users\Fede\AppData\Local\Temp\cciIQ6MR.s 			page 16


 856 033b FF       		.byte	-1
 857 033c 4C       		.byte	76
 858 033d 62       		.byte	98
 859 033e 4D       		.byte	77
 860 033f A0       		.byte	-96
 861 0340 4E       		.byte	78
 862 0341 F0       		.byte	-16
 863 0342 4F       		.byte	79
 864 0343 41       		.byte	65
 865 0344 50       		.byte	80
 866 0345 0C       		.byte	12
 867 0346 58       		.byte	88
 868 0347 04       		.byte	4
 869 0348 5A       		.byte	90
 870 0349 04       		.byte	4
 871 034a 5C       		.byte	92
 872 034b 04       		.byte	4
 873 034c 5D       		.byte	93
 874 034d 04       		.byte	4
 875 034e 5F       		.byte	95
 876 034f 01       		.byte	1
 877 0350 66       		.byte	102
 878 0351 40       		.byte	64
 879 0352 67       		.byte	103
 880 0353 02       		.byte	2
 881 0354 69       		.byte	105
 882 0355 10       		.byte	16
 883 0356 6A       		.byte	106
 884 0357 30       		.byte	48
 885 0358 6B       		.byte	107
 886 0359 10       		.byte	16
 887 035a 6D       		.byte	109
 888 035b 10       		.byte	16
 889 035c 6E       		.byte	110
 890 035d 10       		.byte	16
 891 035e 6F       		.byte	111
 892 035f 12       		.byte	18
 893 0360 84       		.byte	-124
 894 0361 30       		.byte	48
 895 0362 86       		.byte	-122
 896 0363 0C       		.byte	12
 897 0364 87       		.byte	-121
 898 0365 10       		.byte	16
 899 0366 8A       		.byte	-118
 900 0367 03       		.byte	3
 901 0368 8B       		.byte	-117
 902 0369 04       		.byte	4
 903 036a 8D       		.byte	-115
 904 036b 05       		.byte	5
 905 036c 8F       		.byte	-113
 906 036d 0A       		.byte	10
 907 036e 90       		.byte	-112
 908 036f 10       		.byte	16
 909 0370 93       		.byte	-109
 910 0371 10       		.byte	16
 911 0372 94       		.byte	-108
 912 0373 2C       		.byte	44
ARM GAS  C:\Users\Fede\AppData\Local\Temp\cciIQ6MR.s 			page 17


 913 0374 95       		.byte	-107
 914 0375 0F       		.byte	15
 915 0376 96       		.byte	-106
 916 0377 11       		.byte	17
 917 0378 98       		.byte	-104
 918 0379 09       		.byte	9
 919 037a 9A       		.byte	-102
 920 037b 10       		.byte	16
 921 037c 9B       		.byte	-101
 922 037d 02       		.byte	2
 923 037e 9C       		.byte	-100
 924 037f 1C       		.byte	28
 925 0380 9D       		.byte	-99
 926 0381 03       		.byte	3
 927 0382 9E       		.byte	-98
 928 0383 22       		.byte	34
 929 0384 9F       		.byte	-97
 930 0385 0C       		.byte	12
 931 0386 A0       		.byte	-96
 932 0387 14       		.byte	20
 933 0388 A3       		.byte	-93
 934 0389 0F       		.byte	15
 935 038a A6       		.byte	-90
 936 038b 20       		.byte	32
 937 038c A7       		.byte	-89
 938 038d 01       		.byte	1
 939 038e AA       		.byte	-86
 940 038f 20       		.byte	32
 941 0390 AB       		.byte	-85
 942 0391 08       		.byte	8
 943 0392 B0       		.byte	-80
 944 0393 20       		.byte	32
 945 0394 B1       		.byte	-79
 946 0395 10       		.byte	16
 947 0396 B2       		.byte	-78
 948 0397 1F       		.byte	31
 949 0398 B5       		.byte	-75
 950 0399 0F       		.byte	15
 951 039a BE       		.byte	-66
 952 039b 01       		.byte	1
 953 039c BF       		.byte	-65
 954 039d 11       		.byte	17
 955 039e C0       		.byte	-64
 956 039f 62       		.byte	98
 957 03a0 C1       		.byte	-63
 958 03a1 03       		.byte	3
 959 03a2 C5       		.byte	-59
 960 03a3 E0       		.byte	-32
 961 03a4 C6       		.byte	-58
 962 03a5 0B       		.byte	11
 963 03a6 C7       		.byte	-57
 964 03a7 0C       		.byte	12
 965 03a8 C8       		.byte	-56
 966 03a9 16       		.byte	22
 967 03aa C9       		.byte	-55
 968 03ab FF       		.byte	-1
 969 03ac CA       		.byte	-54
ARM GAS  C:\Users\Fede\AppData\Local\Temp\cciIQ6MR.s 			page 18


 970 03ad FF       		.byte	-1
 971 03ae CB       		.byte	-53
 972 03af FF       		.byte	-1
 973 03b0 CE       		.byte	-50
 974 03b1 F0       		.byte	-16
 975 03b2 CF       		.byte	-49
 976 03b3 44       		.byte	68
 977 03b4 D0       		.byte	-48
 978 03b5 0C       		.byte	12
 979 03b6 D8       		.byte	-40
 980 03b7 04       		.byte	4
 981 03b8 D9       		.byte	-39
 982 03b9 04       		.byte	4
 983 03ba DA       		.byte	-38
 984 03bb 04       		.byte	4
 985 03bc DC       		.byte	-36
 986 03bd 04       		.byte	4
 987 03be DD       		.byte	-35
 988 03bf 04       		.byte	4
 989 03c0 DF       		.byte	-33
 990 03c1 01       		.byte	1
 991 03c2 E6       		.byte	-26
 992 03c3 C0       		.byte	-64
 993 03c4 EA       		.byte	-22
 994 03c5 40       		.byte	64
 995 03c6 EB       		.byte	-21
 996 03c7 02       		.byte	2
 997 03c8 00       		.byte	0
 998 03c9 18       		.byte	24
 999 03ca 02       		.byte	2
 1000 03cb 02       		.byte	2
 1001 03cc 03       		.byte	3
 1002 03cd 01       		.byte	1
 1003 03ce 05       		.byte	5
 1004 03cf 28       		.byte	40
 1005 03d0 06       		.byte	6
 1006 03d1 01       		.byte	1
 1007 03d2 07       		.byte	7
 1008 03d3 40       		.byte	64
 1009 03d4 09       		.byte	9
 1010 03d5 40       		.byte	64
 1011 03d6 0A       		.byte	10
 1012 03d7 18       		.byte	24
 1013 03d8 0B       		.byte	11
 1014 03d9 A0       		.byte	-96
 1015 03da 0C       		.byte	12
 1016 03db 01       		.byte	1
 1017 03dc 0D       		.byte	13
 1018 03dd 20       		.byte	32
 1019 03de 0E       		.byte	14
 1020 03df 21       		.byte	33
 1021 03e0 10       		.byte	16
 1022 03e1 A8       		.byte	-88
 1023 03e2 14       		.byte	20
 1024 03e3 24       		.byte	36
 1025 03e4 17       		.byte	23
 1026 03e5 01       		.byte	1
ARM GAS  C:\Users\Fede\AppData\Local\Temp\cciIQ6MR.s 			page 19


 1027 03e6 18       		.byte	24
 1028 03e7 10       		.byte	16
 1029 03e8 1A       		.byte	26
 1030 03e9 80       		.byte	-128
 1031 03ea 1C       		.byte	28
 1032 03eb 40       		.byte	64
 1033 03ec 1D       		.byte	29
 1034 03ed A0       		.byte	-96
 1035 03ee 1F       		.byte	31
 1036 03ef 20       		.byte	32
 1037 03f0 22       		.byte	34
 1038 03f1 20       		.byte	32
 1039 03f2 23       		.byte	35
 1040 03f3 84       		.byte	-124
 1041 03f4 28       		.byte	40
 1042 03f5 88       		.byte	-120
 1043 03f6 2A       		.byte	42
 1044 03f7 04       		.byte	4
 1045 03f8 2C       		.byte	44
 1046 03f9 20       		.byte	32
 1047 03fa 2E       		.byte	46
 1048 03fb 04       		.byte	4
 1049 03fc 30       		.byte	48
 1050 03fd 10       		.byte	16
 1051 03fe 31       		.byte	49
 1052 03ff 0A       		.byte	10
 1053 0400 33       		.byte	51
 1054 0401 80       		.byte	-128
 1055 0402 34       		.byte	52
 1056 0403 04       		.byte	4
 1057 0404 36       		.byte	54
 1058 0405 10       		.byte	16
 1059 0406 37       		.byte	55
 1060 0407 24       		.byte	36
 1061 0408 39       		.byte	57
 1062 0409 08       		.byte	8
 1063 040a 3A       		.byte	58
 1064 040b 10       		.byte	16
 1065 040c 3B       		.byte	59
 1066 040d 40       		.byte	64
 1067 040e 3C       		.byte	60
 1068 040f 40       		.byte	64
 1069 0410 3E       		.byte	62
 1070 0411 80       		.byte	-128
 1071 0412 42       		.byte	66
 1072 0413 14       		.byte	20
 1073 0414 45       		.byte	69
 1074 0415 A0       		.byte	-96
 1075 0416 46       		.byte	70
 1076 0417 80       		.byte	-128
 1077 0418 47       		.byte	71
 1078 0419 10       		.byte	16
 1079 041a 48       		.byte	72
 1080 041b 04       		.byte	4
 1081 041c 49       		.byte	73
 1082 041d 03       		.byte	3
 1083 041e 4E       		.byte	78
ARM GAS  C:\Users\Fede\AppData\Local\Temp\cciIQ6MR.s 			page 20


 1084 041f 0A       		.byte	10
 1085 0420 50       		.byte	80
 1086 0421 88       		.byte	-120
 1087 0422 53       		.byte	83
 1088 0423 08       		.byte	8
 1089 0424 57       		.byte	87
 1090 0425 50       		.byte	80
 1091 0426 5A       		.byte	90
 1092 0427 40       		.byte	64
 1093 0428 5B       		.byte	91
 1094 0429 40       		.byte	64
 1095 042a 60       		.byte	96
 1096 042b 20       		.byte	32
 1097 042c 62       		.byte	98
 1098 042d 08       		.byte	8
 1099 042e 8B       		.byte	-117
 1100 042f 04       		.byte	4
 1101 0430 8C       		.byte	-116
 1102 0431 02       		.byte	2
 1103 0432 8D       		.byte	-115
 1104 0433 08       		.byte	8
 1105 0434 8F       		.byte	-113
 1106 0435 08       		.byte	8
 1107 0436 92       		.byte	-110
 1108 0437 09       		.byte	9
 1109 0438 93       		.byte	-109
 1110 0439 E2       		.byte	-30
 1111 043a 94       		.byte	-108
 1112 043b 40       		.byte	64
 1113 043c 96       		.byte	-106
 1114 043d C0       		.byte	-64
 1115 043e 98       		.byte	-104
 1116 043f 81       		.byte	-127
 1117 0440 99       		.byte	-103
 1118 0441 20       		.byte	32
 1119 0442 9A       		.byte	-102
 1120 0443 01       		.byte	1
 1121 0444 9B       		.byte	-101
 1122 0445 20       		.byte	32
 1123 0446 9C       		.byte	-100
 1124 0447 02       		.byte	2
 1125 0448 9D       		.byte	-99
 1126 0449 0B       		.byte	11
 1127 044a 9F       		.byte	-97
 1128 044b 04       		.byte	4
 1129 044c A0       		.byte	-96
 1130 044d 24       		.byte	36
 1131 044e A1       		.byte	-95
 1132 044f 40       		.byte	64
 1133 0450 A2       		.byte	-94
 1134 0451 0A       		.byte	10
 1135 0452 A3       		.byte	-93
 1136 0453 80       		.byte	-128
 1137 0454 A6       		.byte	-90
 1138 0455 20       		.byte	32
 1139 0456 A7       		.byte	-89
 1140 0457 30       		.byte	48
ARM GAS  C:\Users\Fede\AppData\Local\Temp\cciIQ6MR.s 			page 21


 1141 0458 B0       		.byte	-80
 1142 0459 13       		.byte	19
 1143 045a B1       		.byte	-79
 1144 045b 08       		.byte	8
 1145 045c C0       		.byte	-64
 1146 045d F6       		.byte	-10
 1147 045e C2       		.byte	-62
 1148 045f FF       		.byte	-1
 1149 0460 C4       		.byte	-60
 1150 0461 7E       		.byte	126
 1151 0462 CA       		.byte	-54
 1152 0463 07       		.byte	7
 1153 0464 CC       		.byte	-52
 1154 0465 0F       		.byte	15
 1155 0466 CE       		.byte	-50
 1156 0467 0E       		.byte	14
 1157 0468 D0       		.byte	-48
 1158 0469 B6       		.byte	-74
 1159 046a D2       		.byte	-46
 1160 046b 34       		.byte	52
 1161 046c E6       		.byte	-26
 1162 046d 20       		.byte	32
 1163 046e 04       		.byte	4
 1164 046f 01       		.byte	1
 1165 0470 09       		.byte	9
 1166 0471 01       		.byte	1
 1167 0472 0A       		.byte	10
 1168 0473 01       		.byte	1
 1169 0474 0C       		.byte	12
 1170 0475 01       		.byte	1
 1171 0476 12       		.byte	18
 1172 0477 01       		.byte	1
 1173 0478 30       		.byte	48
 1174 0479 01       		.byte	1
 1175 047a 35       		.byte	53
 1176 047b 01       		.byte	1
 1177 047c 38       		.byte	56
 1178 047d 02       		.byte	2
 1179 047e 3F       		.byte	63
 1180 047f 10       		.byte	16
 1181 0480 40       		.byte	64
 1182 0481 43       		.byte	67
 1183 0482 45       		.byte	69
 1184 0483 EC       		.byte	-20
 1185 0484 47       		.byte	71
 1186 0485 02       		.byte	2
 1187 0486 48       		.byte	72
 1188 0487 13       		.byte	19
 1189 0488 49       		.byte	73
 1190 0489 FF       		.byte	-1
 1191 048a 4A       		.byte	74
 1192 048b FF       		.byte	-1
 1193 048c 4B       		.byte	75
 1194 048d FF       		.byte	-1
 1195 048e 4F       		.byte	79
 1196 048f 01       		.byte	1
 1197 0490 50       		.byte	80
ARM GAS  C:\Users\Fede\AppData\Local\Temp\cciIQ6MR.s 			page 22


 1198 0491 18       		.byte	24
 1199 0492 52       		.byte	82
 1200 0493 80       		.byte	-128
 1201 0494 54       		.byte	84
 1202 0495 01       		.byte	1
 1203 0496 56       		.byte	86
 1204 0497 04       		.byte	4
 1205 0498 58       		.byte	88
 1206 0499 04       		.byte	4
 1207 049a 59       		.byte	89
 1208 049b 04       		.byte	4
 1209 049c 5A       		.byte	90
 1210 049d 04       		.byte	4
 1211 049e 5B       		.byte	91
 1212 049f 04       		.byte	4
 1213 04a0 5C       		.byte	92
 1214 04a1 04       		.byte	4
 1215 04a2 5D       		.byte	93
 1216 04a3 55       		.byte	85
 1217 04a4 5F       		.byte	95
 1218 04a5 01       		.byte	1
 1219 04a6 60       		.byte	96
 1220 04a7 40       		.byte	64
 1221 04a8 62       		.byte	98
 1222 04a9 40       		.byte	64
 1223 04aa 64       		.byte	100
 1224 04ab 40       		.byte	64
 1225 04ac 65       		.byte	101
 1226 04ad 40       		.byte	64
 1227 04ae 66       		.byte	102
 1228 04af 80       		.byte	-128
 1229 04b0 68       		.byte	104
 1230 04b1 80       		.byte	-128
 1231 04b2 6A       		.byte	106
 1232 04b3 80       		.byte	-128
 1233 04b4 6C       		.byte	108
 1234 04b5 80       		.byte	-128
 1235 04b6 6E       		.byte	110
 1236 04b7 80       		.byte	-128
 1237 04b8 80       		.byte	-128
 1238 04b9 18       		.byte	24
 1239 04ba 81       		.byte	-127
 1240 04bb 10       		.byte	16
 1241 04bc 82       		.byte	-126
 1242 04bd 07       		.byte	7
 1243 04be 84       		.byte	-124
 1244 04bf 18       		.byte	24
 1245 04c0 85       		.byte	-123
 1246 04c1 08       		.byte	8
 1247 04c2 88       		.byte	-120
 1248 04c3 08       		.byte	8
 1249 04c4 89       		.byte	-119
 1250 04c5 18       		.byte	24
 1251 04c6 8C       		.byte	-116
 1252 04c7 18       		.byte	24
 1253 04c8 8E       		.byte	-114
 1254 04c9 07       		.byte	7
ARM GAS  C:\Users\Fede\AppData\Local\Temp\cciIQ6MR.s 			page 23


 1255 04ca 8F       		.byte	-113
 1256 04cb 20       		.byte	32
 1257 04cc 90       		.byte	-112
 1258 04cd 03       		.byte	3
 1259 04ce 91       		.byte	-111
 1260 04cf 1F       		.byte	31
 1261 04d0 94       		.byte	-108
 1262 04d1 01       		.byte	1
 1263 04d2 95       		.byte	-107
 1264 04d3 1C       		.byte	28
 1265 04d4 97       		.byte	-105
 1266 04d5 02       		.byte	2
 1267 04d6 9B       		.byte	-101
 1268 04d7 03       		.byte	3
 1269 04d8 9C       		.byte	-100
 1270 04d9 02       		.byte	2
 1271 04da 9F       		.byte	-97
 1272 04db 04       		.byte	4
 1273 04dc A0       		.byte	-96
 1274 04dd 1F       		.byte	31
 1275 04de A1       		.byte	-95
 1276 04df 1C       		.byte	28
 1277 04e0 A3       		.byte	-93
 1278 04e1 01       		.byte	1
 1279 04e2 A5       		.byte	-91
 1280 04e3 07       		.byte	7
 1281 04e4 A6       		.byte	-90
 1282 04e5 07       		.byte	7
 1283 04e6 A7       		.byte	-89
 1284 04e7 18       		.byte	24
 1285 04e8 A8       		.byte	-88
 1286 04e9 07       		.byte	7
 1287 04ea A9       		.byte	-87
 1288 04eb 04       		.byte	4
 1289 04ec AA       		.byte	-86
 1290 04ed 18       		.byte	24
 1291 04ee AB       		.byte	-85
 1292 04ef 40       		.byte	64
 1293 04f0 AC       		.byte	-84
 1294 04f1 10       		.byte	16
 1295 04f2 AF       		.byte	-81
 1296 04f3 20       		.byte	32
 1297 04f4 B0       		.byte	-80
 1298 04f5 1C       		.byte	28
 1299 04f6 B3       		.byte	-77
 1300 04f7 20       		.byte	32
 1301 04f8 B5       		.byte	-75
 1302 04f9 1F       		.byte	31
 1303 04fa B6       		.byte	-74
 1304 04fb 03       		.byte	3
 1305 04fc B7       		.byte	-73
 1306 04fd 40       		.byte	64
 1307 04fe BA       		.byte	-70
 1308 04ff 02       		.byte	2
 1309 0500 BB       		.byte	-69
 1310 0501 20       		.byte	32
 1311 0502 BF       		.byte	-65
ARM GAS  C:\Users\Fede\AppData\Local\Temp\cciIQ6MR.s 			page 24


 1312 0503 04       		.byte	4
 1313 0504 D4       		.byte	-44
 1314 0505 18       		.byte	24
 1315 0506 D6       		.byte	-42
 1316 0507 04       		.byte	4
 1317 0508 D8       		.byte	-40
 1318 0509 04       		.byte	4
 1319 050a D9       		.byte	-39
 1320 050b 04       		.byte	4
 1321 050c DB       		.byte	-37
 1322 050d 04       		.byte	4
 1323 050e DC       		.byte	-36
 1324 050f 44       		.byte	68
 1325 0510 DD       		.byte	-35
 1326 0511 40       		.byte	64
 1327 0512 DF       		.byte	-33
 1328 0513 01       		.byte	1
 1329 0514 03       		.byte	3
 1330 0515 25       		.byte	37
 1331 0516 04       		.byte	4
 1332 0517 41       		.byte	65
 1333 0518 05       		.byte	5
 1334 0519 20       		.byte	32
 1335 051a 06       		.byte	6
 1336 051b 28       		.byte	40
 1337 051c 07       		.byte	7
 1338 051d 20       		.byte	32
 1339 051e 0A       		.byte	10
 1340 051f 40       		.byte	64
 1341 0520 0B       		.byte	11
 1342 0521 80       		.byte	-128
 1343 0522 0C       		.byte	12
 1344 0523 01       		.byte	1
 1345 0524 0E       		.byte	14
 1346 0525 21       		.byte	33
 1347 0526 14       		.byte	20
 1348 0527 20       		.byte	32
 1349 0528 16       		.byte	22
 1350 0529 03       		.byte	3
 1351 052a 17       		.byte	23
 1352 052b 11       		.byte	17
 1353 052c 1B       		.byte	27
 1354 052d 02       		.byte	2
 1355 052e 1C       		.byte	28
 1356 052f 40       		.byte	64
 1357 0530 1E       		.byte	30
 1358 0531 42       		.byte	66
 1359 0532 22       		.byte	34
 1360 0533 20       		.byte	32
 1361 0534 26       		.byte	38
 1362 0535 88       		.byte	-120
 1363 0536 27       		.byte	39
 1364 0537 04       		.byte	4
 1365 0538 2F       		.byte	47
 1366 0539 66       		.byte	102
 1367 053a 30       		.byte	48
 1368 053b 04       		.byte	4
ARM GAS  C:\Users\Fede\AppData\Local\Temp\cciIQ6MR.s 			page 25


 1369 053c 32       		.byte	50
 1370 053d 08       		.byte	8
 1371 053e 34       		.byte	52
 1372 053f 20       		.byte	32
 1373 0540 36       		.byte	54
 1374 0541 80       		.byte	-128
 1375 0542 37       		.byte	55
 1376 0543 05       		.byte	5
 1377 0544 38       		.byte	56
 1378 0545 10       		.byte	16
 1379 0546 3E       		.byte	62
 1380 0547 2A       		.byte	42
 1381 0548 3F       		.byte	63
 1382 0549 80       		.byte	-128
 1383 054a 41       		.byte	65
 1384 054b 06       		.byte	6
 1385 054c 49       		.byte	73
 1386 054d 05       		.byte	5
 1387 054e 51       		.byte	81
 1388 054f 04       		.byte	4
 1389 0550 59       		.byte	89
 1390 0551 05       		.byte	5
 1391 0552 5B       		.byte	91
 1392 0553 80       		.byte	-128
 1393 0554 5E       		.byte	94
 1394 0555 02       		.byte	2
 1395 0556 62       		.byte	98
 1396 0557 02       		.byte	2
 1397 0558 64       		.byte	100
 1398 0559 04       		.byte	4
 1399 055a 65       		.byte	101
 1400 055b 02       		.byte	2
 1401 055c 67       		.byte	103
 1402 055d 02       		.byte	2
 1403 055e 71       		.byte	113
 1404 055f 02       		.byte	2
 1405 0560 80       		.byte	-128
 1406 0561 01       		.byte	1
 1407 0562 81       		.byte	-127
 1408 0563 02       		.byte	2
 1409 0564 82       		.byte	-126
 1410 0565 20       		.byte	32
 1411 0566 83       		.byte	-125
 1412 0567 04       		.byte	4
 1413 0568 84       		.byte	-124
 1414 0569 08       		.byte	8
 1415 056a 86       		.byte	-122
 1416 056b 02       		.byte	2
 1417 056c 89       		.byte	-119
 1418 056d 08       		.byte	8
 1419 056e 8A       		.byte	-118
 1420 056f 10       		.byte	16
 1421 0570 8B       		.byte	-117
 1422 0571 04       		.byte	4
 1423 0572 90       		.byte	-112
 1424 0573 10       		.byte	16
 1425 0574 92       		.byte	-110
ARM GAS  C:\Users\Fede\AppData\Local\Temp\cciIQ6MR.s 			page 26


 1426 0575 01       		.byte	1
 1427 0576 93       		.byte	-109
 1428 0577 02       		.byte	2
 1429 0578 95       		.byte	-107
 1430 0579 08       		.byte	8
 1431 057a 96       		.byte	-106
 1432 057b 40       		.byte	64
 1433 057c 98       		.byte	-104
 1434 057d 21       		.byte	33
 1435 057e 99       		.byte	-103
 1436 057f 20       		.byte	32
 1437 0580 9A       		.byte	-102
 1438 0581 01       		.byte	1
 1439 0582 9B       		.byte	-101
 1440 0583 B1       		.byte	-79
 1441 0584 9C       		.byte	-100
 1442 0585 08       		.byte	8
 1443 0586 9D       		.byte	-99
 1444 0587 08       		.byte	8
 1445 0588 9F       		.byte	-97
 1446 0589 04       		.byte	4
 1447 058a A3       		.byte	-93
 1448 058b 60       		.byte	96
 1449 058c A5       		.byte	-91
 1450 058d 02       		.byte	2
 1451 058e AC       		.byte	-84
 1452 058f 10       		.byte	16
 1453 0590 AE       		.byte	-82
 1454 0591 10       		.byte	16
 1455 0592 B6       		.byte	-74
 1456 0593 04       		.byte	4
 1457 0594 C0       		.byte	-64
 1458 0595 F7       		.byte	-9
 1459 0596 C2       		.byte	-62
 1460 0597 B8       		.byte	-72
 1461 0598 C4       		.byte	-60
 1462 0599 F0       		.byte	-16
 1463 059a CA       		.byte	-54
 1464 059b F0       		.byte	-16
 1465 059c CC       		.byte	-52
 1466 059d F0       		.byte	-16
 1467 059e CE       		.byte	-50
 1468 059f F4       		.byte	-12
 1469 05a0 D0       		.byte	-48
 1470 05a1 03       		.byte	3
 1471 05a2 D6       		.byte	-42
 1472 05a3 8B       		.byte	-117
 1473 05a4 D8       		.byte	-40
 1474 05a5 B1       		.byte	-79
 1475 05a6 E4       		.byte	-28
 1476 05a7 01       		.byte	1
 1477 05a8 EC       		.byte	-20
 1478 05a9 10       		.byte	16
 1479 05aa 30       		.byte	48
 1480 05ab 10       		.byte	16
 1481 05ac 31       		.byte	49
 1482 05ad 08       		.byte	8
ARM GAS  C:\Users\Fede\AppData\Local\Temp\cciIQ6MR.s 			page 27


 1483 05ae 36       		.byte	54
 1484 05af 80       		.byte	-128
 1485 05b0 3D       		.byte	61
 1486 05b1 80       		.byte	-128
 1487 05b2 CC       		.byte	-52
 1488 05b3 70       		.byte	112
 1489 05b4 CE       		.byte	-50
 1490 05b5 20       		.byte	32
 1491 05b6 58       		.byte	88
 1492 05b7 40       		.byte	64
 1493 05b8 84       		.byte	-124
 1494 05b9 10       		.byte	16
 1495 05ba 9C       		.byte	-100
 1496 05bb 10       		.byte	16
 1497 05bc A5       		.byte	-91
 1498 05bd 48       		.byte	72
 1499 05be A6       		.byte	-90
 1500 05bf 80       		.byte	-128
 1501 05c0 D4       		.byte	-44
 1502 05c1 80       		.byte	-128
 1503 05c2 E6       		.byte	-26
 1504 05c3 40       		.byte	64
 1505 05c4 88       		.byte	-120
 1506 05c5 40       		.byte	64
 1507 05c6 9C       		.byte	-100
 1508 05c7 40       		.byte	64
 1509 05c8 A5       		.byte	-91
 1510 05c9 48       		.byte	72
 1511 05ca A6       		.byte	-90
 1512 05cb 80       		.byte	-128
 1513 05cc A5       		.byte	-91
 1514 05cd 48       		.byte	72
 1515 05ce A6       		.byte	-90
 1516 05cf 80       		.byte	-128
 1517 05d0 A7       		.byte	-89
 1518 05d1 80       		.byte	-128
 1519 05d2 B7       		.byte	-73
 1520 05d3 80       		.byte	-128
 1521 05d4 84       		.byte	-124
 1522 05d5 04       		.byte	4
 1523 05d6 32       		.byte	50
 1524 05d7 40       		.byte	64
 1525 05d8 A4       		.byte	-92
 1526 05d9 04       		.byte	4
 1527 05da CC       		.byte	-52
 1528 05db 08       		.byte	8
 1529 05dc 82       		.byte	-126
 1530 05dd 40       		.byte	64
 1531 05de 96       		.byte	-106
 1532 05df 80       		.byte	-128
 1533 05e0 A4       		.byte	-92
 1534 05e1 04       		.byte	4
 1535 05e2 22       		.byte	34
 1536 05e3 02       		.byte	2
 1537 05e4 25       		.byte	37
 1538 05e5 80       		.byte	-128
 1539 05e6 27       		.byte	39
ARM GAS  C:\Users\Fede\AppData\Local\Temp\cciIQ6MR.s 			page 28


 1540 05e7 20       		.byte	32
 1541 05e8 2B       		.byte	43
 1542 05e9 80       		.byte	-128
 1543 05ea 89       		.byte	-119
 1544 05eb 40       		.byte	64
 1545 05ec A5       		.byte	-91
 1546 05ed 48       		.byte	72
 1547 05ee A6       		.byte	-90
 1548 05ef 80       		.byte	-128
 1549 05f0 A7       		.byte	-89
 1550 05f1 80       		.byte	-128
 1551 05f2 C8       		.byte	-56
 1552 05f3 E0       		.byte	-32
 1553 05f4 CA       		.byte	-54
 1554 05f5 40       		.byte	64
 1555 05f6 1B       		.byte	27
 1556 05f7 20       		.byte	32
 1557 05f8 82       		.byte	-126
 1558 05f9 80       		.byte	-128
 1559 05fa 85       		.byte	-123
 1560 05fb 08       		.byte	8
 1561 05fc 87       		.byte	-121
 1562 05fd 20       		.byte	32
 1563 05fe A5       		.byte	-91
 1564 05ff 08       		.byte	8
 1565 0600 A6       		.byte	-90
 1566 0601 80       		.byte	-128
 1567 0602 AD       		.byte	-83
 1568 0603 80       		.byte	-128
 1569 0604 AE       		.byte	-82
 1570 0605 02       		.byte	2
 1571 0606 B7       		.byte	-73
 1572 0607 20       		.byte	32
 1573 0608 C6       		.byte	-58
 1574 0609 40       		.byte	64
 1575 060a E2       		.byte	-30
 1576 060b 40       		.byte	64
 1577 060c E4       		.byte	-28
 1578 060d 10       		.byte	16
 1579 060e E6       		.byte	-26
 1580 060f 20       		.byte	32
 1581 0610 E8       		.byte	-24
 1582 0611 40       		.byte	64
 1583 0612 EC       		.byte	-20
 1584 0613 40       		.byte	64
 1585 0614 0C       		.byte	12
 1586 0615 08       		.byte	8
 1587 0616 1C       		.byte	28
 1588 0617 08       		.byte	8
 1589 0618 8C       		.byte	-116
 1590 0619 08       		.byte	8
 1591 061a A4       		.byte	-92
 1592 061b 04       		.byte	4
 1593 061c C2       		.byte	-62
 1594 061d 04       		.byte	4
 1595 061e C6       		.byte	-58
 1596 061f 01       		.byte	1
ARM GAS  C:\Users\Fede\AppData\Local\Temp\cciIQ6MR.s 			page 29


 1597 0620 E6       		.byte	-26
 1598 0621 08       		.byte	8
 1599 0622 10       		.byte	16
 1600 0623 40       		.byte	64
 1601 0624 70       		.byte	112
 1602 0625 04       		.byte	4
 1603 0626 80       		.byte	-128
 1604 0627 04       		.byte	4
 1605 0628 88       		.byte	-120
 1606 0629 40       		.byte	64
 1607 062a C4       		.byte	-60
 1608 062b 08       		.byte	8
 1609 062c DC       		.byte	-36
 1610 062d 01       		.byte	1
 1611 062e E2       		.byte	-30
 1612 062f 01       		.byte	1
 1613 0630 00       		.byte	0
 1614 0631 10       		.byte	16
 1615 0632 01       		.byte	1
 1616 0633 01       		.byte	1
 1617 0634 0C       		.byte	12
 1618 0635 10       		.byte	16
 1619 0636 0D       		.byte	13
 1620 0637 01       		.byte	1
 1621 0638 10       		.byte	16
 1622 0639 30       		.byte	48
 1623 063a 1C       		.byte	28
 1624 063b 30       		.byte	48
 1625 063c 00       		.byte	0
 1626 063d 3F       		.byte	63
 1627 063e 10       		.byte	16
 1628 063f 02       		.byte	2
 1629 0640 00       		.byte	0
 1630 0641 04       		.byte	4
 1631 0642 04       		.byte	4
 1632 0643 00       		.byte	0
 1633 0644 04       		.byte	4
 1634 0645 00       		.byte	0
 1635 0646 02       		.byte	2
 1636 0647 00       		.byte	0
 1637 0648 80       		.byte	-128
 1638 0649 00       		.byte	0
 1639 064a 40       		.byte	64
 1640 064b 80       		.byte	-128
 1641 064c 80       		.byte	-128
 1642 064d 00       		.byte	0
 1643 064e 80       		.byte	-128
 1644 064f 00       		.byte	0
 1645 0650 00       		.byte	0
 1646 0651 00       		.byte	0
 1647 0652 00       		.byte	0
 1648 0653 00       		.byte	0
 1649 0654 20       		.byte	32
 1650 0655 00       		.byte	0
 1651 0656 00       		.byte	0
 1652 0657 2B       		.byte	43
 1653 0658 0B       		.byte	11
ARM GAS  C:\Users\Fede\AppData\Local\Temp\cciIQ6MR.s 			page 30


 1654 0659 00       		.byte	0
 1655 065a 00       		.byte	0
 1656 065b 00       		.byte	0
 1657 065c 40       		.byte	64
 1658 065d 00       		.byte	0
 1659 065e 00       		.byte	0
 1660 065f 00       		.byte	0
 1661 0660 0E       		.byte	14
 1662 0661 00       		.byte	0
 1663 0662 18       		.byte	24
 1664 0663 01       		.byte	1
 1665              		.section	.cywolatch,"a",%progbits
 1666              		.align	2
 1667              		.type	cy_meta_wonvl, %object
 1668              		.size	cy_meta_wonvl, 4
 1669              	cy_meta_wonvl:
 1670 0000 BC       		.byte	-68
 1671 0001 90       		.byte	-112
 1672 0002 AC       		.byte	-84
 1673 0003 AF       		.byte	-81
 1674              		.section	.cycustnvl,"a",%progbits
 1675              		.align	2
 1676              		.type	cy_meta_custnvl, %object
 1677              		.size	cy_meta_custnvl, 4
 1678              	cy_meta_custnvl:
 1679 0000 00       		.byte	0
 1680 0001 00       		.byte	0
 1681 0002 40       		.byte	64
 1682 0003 05       		.byte	5
 1683              		.section	.cymeta,"a",%progbits
 1684              		.align	2
 1685              		.type	cy_metadata, %object
 1686              		.size	cy_metadata, 12
 1687              	cy_metadata:
 1688 0000 00       		.byte	0
 1689 0001 01       		.byte	1
 1690 0002 2E       		.byte	46
 1691 0003 12       		.byte	18
 1692 0004 70       		.byte	112
 1693 0005 69       		.byte	105
 1694 0006 00       		.byte	0
 1695 0007 01       		.byte	1
 1696 0008 00       		.byte	0
 1697 0009 00       		.byte	0
 1698 000a 00       		.byte	0
 1699 000b 00       		.byte	0
 1700              		.section	.cyflashprotect,"a",%progbits
 1701              		.align	2
 1702              		.type	cy_meta_flashprotect, %object
 1703              		.size	cy_meta_flashprotect, 256
 1704              	cy_meta_flashprotect:
 1705 0000 00000000 		.space	256
 1705      00000000 
 1705      00000000 
 1705      00000000 
 1705      00000000 
 1706              		.text
ARM GAS  C:\Users\Fede\AppData\Local\Temp\cciIQ6MR.s 			page 31


 1707              	.Letext0:
 1708              		.file 1 "c:\\program files (x86)\\cypress\\psoc creator\\4.2\\psoc creator\\import\\gnu\\arm\\5.4.
 1709              		.file 2 "c:\\program files (x86)\\cypress\\psoc creator\\4.2\\psoc creator\\import\\gnu\\arm\\5.4.
 1710              		.file 3 "Generated_Source\\PSoC5\\cymetadata.c"
 1711              		.section	.debug_info,"",%progbits
 1712              	.Ldebug_info0:
 1713 0000 34010000 		.4byte	0x134
 1714 0004 0400     		.2byte	0x4
 1715 0006 00000000 		.4byte	.Ldebug_abbrev0
 1716 000a 04       		.byte	0x4
 1717 000b 01       		.uleb128 0x1
 1718 000c 24000000 		.4byte	.LASF17
 1719 0010 0C       		.byte	0xc
 1720 0011 BA010000 		.4byte	.LASF18
 1721 0015 7E010000 		.4byte	.LASF19
 1722 0019 00000000 		.4byte	.Ldebug_line0
 1723 001d 02       		.uleb128 0x2
 1724 001e 01       		.byte	0x1
 1725 001f 06       		.byte	0x6
 1726 0020 72010000 		.4byte	.LASF0
 1727 0024 03       		.uleb128 0x3
 1728 0025 00000000 		.4byte	.LASF9
 1729 0029 01       		.byte	0x1
 1730 002a 1D       		.byte	0x1d
 1731 002b 2F000000 		.4byte	0x2f
 1732 002f 02       		.uleb128 0x2
 1733 0030 01       		.byte	0x1
 1734 0031 08       		.byte	0x8
 1735 0032 16000000 		.4byte	.LASF1
 1736 0036 02       		.uleb128 0x2
 1737 0037 02       		.byte	0x2
 1738 0038 05       		.byte	0x5
 1739 0039 5F010000 		.4byte	.LASF2
 1740 003d 02       		.uleb128 0x2
 1741 003e 02       		.byte	0x2
 1742 003f 07       		.byte	0x7
 1743 0040 C4000000 		.4byte	.LASF3
 1744 0044 02       		.uleb128 0x2
 1745 0045 04       		.byte	0x4
 1746 0046 05       		.byte	0x5
 1747 0047 69010000 		.4byte	.LASF4
 1748 004b 02       		.uleb128 0x2
 1749 004c 04       		.byte	0x4
 1750 004d 07       		.byte	0x7
 1751 004e B2000000 		.4byte	.LASF5
 1752 0052 02       		.uleb128 0x2
 1753 0053 08       		.byte	0x8
 1754 0054 05       		.byte	0x5
 1755 0055 51010000 		.4byte	.LASF6
 1756 0059 02       		.uleb128 0x2
 1757 005a 08       		.byte	0x8
 1758 005b 07       		.byte	0x7
 1759 005c 06010000 		.4byte	.LASF7
 1760 0060 04       		.uleb128 0x4
 1761 0061 04       		.byte	0x4
 1762 0062 05       		.byte	0x5
 1763 0063 696E7400 		.ascii	"int\000"
ARM GAS  C:\Users\Fede\AppData\Local\Temp\cciIQ6MR.s 			page 32


 1764 0067 02       		.uleb128 0x2
 1765 0068 04       		.byte	0x4
 1766 0069 07       		.byte	0x7
 1767 006a F9000000 		.4byte	.LASF8
 1768 006e 03       		.uleb128 0x3
 1769 006f 1D010000 		.4byte	.LASF10
 1770 0073 02       		.byte	0x2
 1771 0074 18       		.byte	0x18
 1772 0075 24000000 		.4byte	0x24
 1773 0079 05       		.uleb128 0x5
 1774 007a 91000000 		.4byte	0x91
 1775 007e 8A000000 		.4byte	0x8a
 1776 0082 06       		.uleb128 0x6
 1777 0083 8A000000 		.4byte	0x8a
 1778 0087 6306     		.2byte	0x663
 1779 0089 00       		.byte	0
 1780 008a 02       		.uleb128 0x2
 1781 008b 04       		.byte	0x4
 1782 008c 07       		.byte	0x7
 1783 008d 48010000 		.4byte	.LASF11
 1784 0091 07       		.uleb128 0x7
 1785 0092 6E000000 		.4byte	0x6e
 1786 0096 08       		.uleb128 0x8
 1787 0097 E7000000 		.4byte	.LASF12
 1788 009b 03       		.byte	0x3
 1789 009c 1F       		.byte	0x1f
 1790 009d A7000000 		.4byte	0xa7
 1791 00a1 05       		.uleb128 0x5
 1792 00a2 03       		.byte	0x3
 1793 00a3 00000000 		.4byte	cy_meta_configecc
 1794 00a7 07       		.uleb128 0x7
 1795 00a8 79000000 		.4byte	0x79
 1796 00ac 05       		.uleb128 0x5
 1797 00ad 91000000 		.4byte	0x91
 1798 00b1 BC000000 		.4byte	0xbc
 1799 00b5 09       		.uleb128 0x9
 1800 00b6 8A000000 		.4byte	0x8a
 1801 00ba 03       		.byte	0x3
 1802 00bb 00       		.byte	0
 1803 00bc 08       		.uleb128 0x8
 1804 00bd D7000000 		.4byte	.LASF13
 1805 00c1 03       		.byte	0x3
 1806 00c2 F9       		.byte	0xf9
 1807 00c3 CD000000 		.4byte	0xcd
 1808 00c7 05       		.uleb128 0x5
 1809 00c8 03       		.byte	0x3
 1810 00c9 00000000 		.4byte	cy_meta_custnvl
 1811 00cd 07       		.uleb128 0x7
 1812 00ce AC000000 		.4byte	0xac
 1813 00d2 0A       		.uleb128 0xa
 1814 00d3 3A010000 		.4byte	.LASF14
 1815 00d7 03       		.byte	0x3
 1816 00d8 0701     		.2byte	0x107
 1817 00da E4000000 		.4byte	0xe4
 1818 00de 05       		.uleb128 0x5
 1819 00df 03       		.byte	0x3
 1820 00e0 00000000 		.4byte	cy_meta_wonvl
ARM GAS  C:\Users\Fede\AppData\Local\Temp\cciIQ6MR.s 			page 33


 1821 00e4 07       		.uleb128 0x7
 1822 00e5 AC000000 		.4byte	0xac
 1823 00e9 05       		.uleb128 0x5
 1824 00ea 91000000 		.4byte	0x91
 1825 00ee F9000000 		.4byte	0xf9
 1826 00f2 09       		.uleb128 0x9
 1827 00f3 8A000000 		.4byte	0x8a
 1828 00f7 FF       		.byte	0xff
 1829 00f8 00       		.byte	0
 1830 00f9 0A       		.uleb128 0xa
 1831 00fa 25010000 		.4byte	.LASF15
 1832 00fe 03       		.byte	0x3
 1833 00ff 1501     		.2byte	0x115
 1834 0101 0B010000 		.4byte	0x10b
 1835 0105 05       		.uleb128 0x5
 1836 0106 03       		.byte	0x3
 1837 0107 00000000 		.4byte	cy_meta_flashprotect
 1838 010b 07       		.uleb128 0x7
 1839 010c E9000000 		.4byte	0xe9
 1840 0110 05       		.uleb128 0x5
 1841 0111 91000000 		.4byte	0x91
 1842 0115 20010000 		.4byte	0x120
 1843 0119 09       		.uleb128 0x9
 1844 011a 8A000000 		.4byte	0x8a
 1845 011e 0B       		.byte	0xb
 1846 011f 00       		.byte	0
 1847 0120 0A       		.uleb128 0xa
 1848 0121 0A000000 		.4byte	.LASF16
 1849 0125 03       		.byte	0x3
 1850 0126 4201     		.2byte	0x142
 1851 0128 32010000 		.4byte	0x132
 1852 012c 05       		.uleb128 0x5
 1853 012d 03       		.byte	0x3
 1854 012e 00000000 		.4byte	cy_metadata
 1855 0132 07       		.uleb128 0x7
 1856 0133 10010000 		.4byte	0x110
 1857 0137 00       		.byte	0
 1858              		.section	.debug_abbrev,"",%progbits
 1859              	.Ldebug_abbrev0:
 1860 0000 01       		.uleb128 0x1
 1861 0001 11       		.uleb128 0x11
 1862 0002 01       		.byte	0x1
 1863 0003 25       		.uleb128 0x25
 1864 0004 0E       		.uleb128 0xe
 1865 0005 13       		.uleb128 0x13
 1866 0006 0B       		.uleb128 0xb
 1867 0007 03       		.uleb128 0x3
 1868 0008 0E       		.uleb128 0xe
 1869 0009 1B       		.uleb128 0x1b
 1870 000a 0E       		.uleb128 0xe
 1871 000b 10       		.uleb128 0x10
 1872 000c 17       		.uleb128 0x17
 1873 000d 00       		.byte	0
 1874 000e 00       		.byte	0
 1875 000f 02       		.uleb128 0x2
 1876 0010 24       		.uleb128 0x24
 1877 0011 00       		.byte	0
ARM GAS  C:\Users\Fede\AppData\Local\Temp\cciIQ6MR.s 			page 34


 1878 0012 0B       		.uleb128 0xb
 1879 0013 0B       		.uleb128 0xb
 1880 0014 3E       		.uleb128 0x3e
 1881 0015 0B       		.uleb128 0xb
 1882 0016 03       		.uleb128 0x3
 1883 0017 0E       		.uleb128 0xe
 1884 0018 00       		.byte	0
 1885 0019 00       		.byte	0
 1886 001a 03       		.uleb128 0x3
 1887 001b 16       		.uleb128 0x16
 1888 001c 00       		.byte	0
 1889 001d 03       		.uleb128 0x3
 1890 001e 0E       		.uleb128 0xe
 1891 001f 3A       		.uleb128 0x3a
 1892 0020 0B       		.uleb128 0xb
 1893 0021 3B       		.uleb128 0x3b
 1894 0022 0B       		.uleb128 0xb
 1895 0023 49       		.uleb128 0x49
 1896 0024 13       		.uleb128 0x13
 1897 0025 00       		.byte	0
 1898 0026 00       		.byte	0
 1899 0027 04       		.uleb128 0x4
 1900 0028 24       		.uleb128 0x24
 1901 0029 00       		.byte	0
 1902 002a 0B       		.uleb128 0xb
 1903 002b 0B       		.uleb128 0xb
 1904 002c 3E       		.uleb128 0x3e
 1905 002d 0B       		.uleb128 0xb
 1906 002e 03       		.uleb128 0x3
 1907 002f 08       		.uleb128 0x8
 1908 0030 00       		.byte	0
 1909 0031 00       		.byte	0
 1910 0032 05       		.uleb128 0x5
 1911 0033 01       		.uleb128 0x1
 1912 0034 01       		.byte	0x1
 1913 0035 49       		.uleb128 0x49
 1914 0036 13       		.uleb128 0x13
 1915 0037 01       		.uleb128 0x1
 1916 0038 13       		.uleb128 0x13
 1917 0039 00       		.byte	0
 1918 003a 00       		.byte	0
 1919 003b 06       		.uleb128 0x6
 1920 003c 21       		.uleb128 0x21
 1921 003d 00       		.byte	0
 1922 003e 49       		.uleb128 0x49
 1923 003f 13       		.uleb128 0x13
 1924 0040 2F       		.uleb128 0x2f
 1925 0041 05       		.uleb128 0x5
 1926 0042 00       		.byte	0
 1927 0043 00       		.byte	0
 1928 0044 07       		.uleb128 0x7
 1929 0045 26       		.uleb128 0x26
 1930 0046 00       		.byte	0
 1931 0047 49       		.uleb128 0x49
 1932 0048 13       		.uleb128 0x13
 1933 0049 00       		.byte	0
 1934 004a 00       		.byte	0
ARM GAS  C:\Users\Fede\AppData\Local\Temp\cciIQ6MR.s 			page 35


 1935 004b 08       		.uleb128 0x8
 1936 004c 34       		.uleb128 0x34
 1937 004d 00       		.byte	0
 1938 004e 03       		.uleb128 0x3
 1939 004f 0E       		.uleb128 0xe
 1940 0050 3A       		.uleb128 0x3a
 1941 0051 0B       		.uleb128 0xb
 1942 0052 3B       		.uleb128 0x3b
 1943 0053 0B       		.uleb128 0xb
 1944 0054 49       		.uleb128 0x49
 1945 0055 13       		.uleb128 0x13
 1946 0056 3F       		.uleb128 0x3f
 1947 0057 19       		.uleb128 0x19
 1948 0058 02       		.uleb128 0x2
 1949 0059 18       		.uleb128 0x18
 1950 005a 00       		.byte	0
 1951 005b 00       		.byte	0
 1952 005c 09       		.uleb128 0x9
 1953 005d 21       		.uleb128 0x21
 1954 005e 00       		.byte	0
 1955 005f 49       		.uleb128 0x49
 1956 0060 13       		.uleb128 0x13
 1957 0061 2F       		.uleb128 0x2f
 1958 0062 0B       		.uleb128 0xb
 1959 0063 00       		.byte	0
 1960 0064 00       		.byte	0
 1961 0065 0A       		.uleb128 0xa
 1962 0066 34       		.uleb128 0x34
 1963 0067 00       		.byte	0
 1964 0068 03       		.uleb128 0x3
 1965 0069 0E       		.uleb128 0xe
 1966 006a 3A       		.uleb128 0x3a
 1967 006b 0B       		.uleb128 0xb
 1968 006c 3B       		.uleb128 0x3b
 1969 006d 05       		.uleb128 0x5
 1970 006e 49       		.uleb128 0x49
 1971 006f 13       		.uleb128 0x13
 1972 0070 3F       		.uleb128 0x3f
 1973 0071 19       		.uleb128 0x19
 1974 0072 02       		.uleb128 0x2
 1975 0073 18       		.uleb128 0x18
 1976 0074 00       		.byte	0
 1977 0075 00       		.byte	0
 1978 0076 00       		.byte	0
 1979              		.section	.debug_aranges,"",%progbits
 1980 0000 14000000 		.4byte	0x14
 1981 0004 0200     		.2byte	0x2
 1982 0006 00000000 		.4byte	.Ldebug_info0
 1983 000a 04       		.byte	0x4
 1984 000b 00       		.byte	0
 1985 000c 0000     		.2byte	0
 1986 000e 0000     		.2byte	0
 1987 0010 00000000 		.4byte	0
 1988 0014 00000000 		.4byte	0
 1989              		.section	.debug_line,"",%progbits
 1990              	.Ldebug_line0:
 1991 0000 3D010000 		.section	.debug_str,"MS",%progbits,1
ARM GAS  C:\Users\Fede\AppData\Local\Temp\cciIQ6MR.s 			page 36


 1991      02003701 
 1991      00000201 
 1991      FB0E0D00 
 1991      01010101 
 1992              	.LASF9:
 1993 0000 5F5F7569 		.ascii	"__uint8_t\000"
 1993      6E74385F 
 1993      7400
 1994              	.LASF16:
 1995 000a 63795F6D 		.ascii	"cy_metadata\000"
 1995      65746164 
 1995      61746100 
 1996              	.LASF1:
 1997 0016 756E7369 		.ascii	"unsigned char\000"
 1997      676E6564 
 1997      20636861 
 1997      7200
 1998              	.LASF17:
 1999 0024 474E5520 		.ascii	"GNU C11 5.4.1 20160609 (release) [ARM/embedded-5-br"
 1999      43313120 
 1999      352E342E 
 1999      31203230 
 1999      31363036 
 2000 0057 616E6368 		.ascii	"anch revision 237715] -mcpu=cortex-m3 -mthumb -g -O"
 2000      20726576 
 2000      6973696F 
 2000      6E203233 
 2000      37373135 
 2001 008a 67202D66 		.ascii	"g -ffunction-sections -ffat-lto-objects\000"
 2001      66756E63 
 2001      74696F6E 
 2001      2D736563 
 2001      74696F6E 
 2002              	.LASF5:
 2003 00b2 6C6F6E67 		.ascii	"long unsigned int\000"
 2003      20756E73 
 2003      69676E65 
 2003      6420696E 
 2003      7400
 2004              	.LASF3:
 2005 00c4 73686F72 		.ascii	"short unsigned int\000"
 2005      7420756E 
 2005      7369676E 
 2005      65642069 
 2005      6E7400
 2006              	.LASF13:
 2007 00d7 63795F6D 		.ascii	"cy_meta_custnvl\000"
 2007      6574615F 
 2007      63757374 
 2007      6E766C00 
 2008              	.LASF12:
 2009 00e7 63795F6D 		.ascii	"cy_meta_configecc\000"
 2009      6574615F 
 2009      636F6E66 
 2009      69676563 
 2009      6300
 2010              	.LASF8:
ARM GAS  C:\Users\Fede\AppData\Local\Temp\cciIQ6MR.s 			page 37


 2011 00f9 756E7369 		.ascii	"unsigned int\000"
 2011      676E6564 
 2011      20696E74 
 2011      00
 2012              	.LASF7:
 2013 0106 6C6F6E67 		.ascii	"long long unsigned int\000"
 2013      206C6F6E 
 2013      6720756E 
 2013      7369676E 
 2013      65642069 
 2014              	.LASF10:
 2015 011d 75696E74 		.ascii	"uint8_t\000"
 2015      385F7400 
 2016              	.LASF15:
 2017 0125 63795F6D 		.ascii	"cy_meta_flashprotect\000"
 2017      6574615F 
 2017      666C6173 
 2017      6870726F 
 2017      74656374 
 2018              	.LASF14:
 2019 013a 63795F6D 		.ascii	"cy_meta_wonvl\000"
 2019      6574615F 
 2019      776F6E76 
 2019      6C00
 2020              	.LASF11:
 2021 0148 73697A65 		.ascii	"sizetype\000"
 2021      74797065 
 2021      00
 2022              	.LASF6:
 2023 0151 6C6F6E67 		.ascii	"long long int\000"
 2023      206C6F6E 
 2023      6720696E 
 2023      7400
 2024              	.LASF2:
 2025 015f 73686F72 		.ascii	"short int\000"
 2025      7420696E 
 2025      7400
 2026              	.LASF4:
 2027 0169 6C6F6E67 		.ascii	"long int\000"
 2027      20696E74 
 2027      00
 2028              	.LASF0:
 2029 0172 7369676E 		.ascii	"signed char\000"
 2029      65642063 
 2029      68617200 
 2030              	.LASF19:
 2031 017e 433A5C55 		.ascii	"C:\\Users\\Fede\\Documents\\PSoC Creator\\FinalProj"
 2031      73657273 
 2031      5C466564 
 2031      655C446F 
 2031      63756D65 
 2032 01ac 6563745C 		.ascii	"ect\\Seq.cydsn\000"
 2032      5365712E 
 2032      63796473 
 2032      6E00
 2033              	.LASF18:
 2034 01ba 47656E65 		.ascii	"Generated_Source\\PSoC5\\cymetadata.c\000"
ARM GAS  C:\Users\Fede\AppData\Local\Temp\cciIQ6MR.s 			page 38


 2034      72617465 
 2034      645F536F 
 2034      75726365 
 2034      5C50536F 
 2035              		.ident	"GCC: (GNU Tools for ARM Embedded Processors) 5.4.1 20160609 (release) [ARM/embedded-5-bran
